<?xml version="1.0" encoding="UTF-8"?>
<!-- Generated by org.testng.reporters.JUnitReportReporter -->
<testsuite hostname="LAPTOP-GJCVQ1S6" failures="0" tests="6" name="UiTest.ThongKeTest" time="1.355" errors="0" timestamp="2023-04-13T13:20:53 ICT" skipped="0">
  <testcase classname="UiTest.ThongKeTest" name="TblNguoiHoc" time="0.284"/>
  <system-out/>
  <testcase classname="UiTest.ThongKeTest" name="tblTongHopDiem" time="0.294"/>
  <system-out/>
  <testcase classname="UiTest.ThongKeTest" name="TblKhoaHoc" time="0.107"/>
  <system-out/>
  <testcase classname="UiTest.ThongKeTest" name="tblDoanhThu" time="0.267"/>
  <system-out/>
  <testcase classname="UiTest.ThongKeTest" name="KiemTraDuLieuKhoaHoc" time="0.208"/>
  <system-out/>
  <testcase classname="UiTest.ThongKeTest" name="KiemTraDuLieuDoanhThu" time="0.195"/>
  <system-out/>
</testsuite> <!-- UiTest.ThongKeTest -->
