<?xml version="1.0" encoding="UTF-8"?>
<!-- Generated by org.testng.reporters.JUnitReportReporter -->
<testsuite hostname="LAPTOP-GJCVQ1S6" failures="0" tests="5" name="UiTest.LoginTest" time="10.745" errors="0" timestamp="2023-04-13T14:03:41 ICT" skipped="0">
  <testcase classname="UiTest.LoginTest" name="LoginWithUser" time="3.657"/>
  <system-out/>
  <testcase classname="UiTest.LoginTest" name="TestPasswordEmty" time="0.073"/>
  <system-out/>
  <testcase classname="UiTest.LoginTest" name="LoginWithAdmin" time="6.870"/>
  <system-out/>
  <testcase classname="UiTest.LoginTest" name="TestUsernameAndPasswordEmty" time="0.070"/>
  <system-out/>
  <testcase classname="UiTest.LoginTest" name="TestUsernameEmty" time="0.075"/>
  <system-out/>
</testsuite> <!-- UiTest.LoginTest -->
